<?xml version="1.0" encoding="UTF-8"?>
<!-- Generated by org.testng.reporters.JUnitXMLReporter -->
<testsuite ignored="1" hostname="DESKTOP-FF8BLIG" failures="0" tests="2" name="Submit Order Test" time="17.178" errors="0" timestamp="2024-07-04T11:22:27 IST">
  <testcase classname="ankitsolanki.Tests.SubmitOrderTest" name="submitOrder" time="4.768"/>
  <testcase classname="ankitsolanki.Tests.SubmitOrderTest" name="submitOrder" time="5.494"/>
  <testcase classname="ankitsolanki.Tests.SubmitOrderTest" name="OrderHistoryTest" time="0.0">
    <ignored/>
  </testcase> <!-- OrderHistoryTest -->
</testsuite> <!-- Submit Order Test -->
